Streaming transaction logs mentioning 9bqQoWC9ovH3FFGzEAV2MJJkF1uNuS4EVGZ2SmRw17w8. Confirmed commitment
Transaction executed in slot 2083:
  Signature: 38fNaiSWPScS69RmZ9NsXmmKSsDYB1bmpnGXNdfeHTy6HuY98sYcbGKSdXdkmxWU4PQ252mG1gZeUcCs2Jt3nvDP
  Status: Ok
  Log Messages:
    Program 9bqQoWC9ovH3FFGzEAV2MJJkF1uNuS4EVGZ2SmRw17w8 invoke [1]
    Program log: Instruction: Initialize
    Program 11111111111111111111111111111111 invoke [2]
    Program 11111111111111111111111111111111 success
    Program 9bqQoWC9ovH3FFGzEAV2MJJkF1uNuS4EVGZ2SmRw17w8 consumed 13458 of 200000 compute units
    Program 9bqQoWC9ovH3FFGzEAV2MJJkF1uNuS4EVGZ2SmRw17w8 success
Transaction executed in slot 2084:
  Signature: 634WeDpJDNpbhwbSWCzTg12LSmEpWhqWom1H12tHePGQkUgXSMD3YLjg9ZrJk9JYxwh9eEsgTDahNrEwYPFyfFJ5
  Status: Ok
  Log Messages:
    Program 9bqQoWC9ovH3FFGzEAV2MJJkF1uNuS4EVGZ2SmRw17w8 invoke [1]
    Program log: Instruction: Deposit
    Program 11111111111111111111111111111111 invoke [2]
    Program 11111111111111111111111111111111 success
    Program data: ePg9Ux+Oa5B4PQMObtSXYIevpRs8KmZe97+P9+WgP9h1iHOxR/ChJDIJAQAAAAAAAOH1BQAAAAA=
    Program 9bqQoWC9ovH3FFGzEAV2MJJkF1uNuS4EVGZ2SmRw17w8 consumed 7374 of 200000 compute units
    Program 9bqQoWC9ovH3FFGzEAV2MJJkF1uNuS4EVGZ2SmRw17w8 success
Transaction executed in slot 2086:
  Signature: 2zJpSyybgZtU5n2AYrBvWxq8XcBQAyN8UiGeM5LHj29SLzvj57gsU1EVikL2ArewYgior9nZvyAPK13uDM44Favd
  Status: Ok
  Log Messages:
    Program 9bqQoWC9ovH3FFGzEAV2MJJkF1uNuS4EVGZ2SmRw17w8 invoke [1]
    Program log: Instruction: Initialize
    Program 11111111111111111111111111111111 invoke [2]
    Program 11111111111111111111111111111111 success
    Program 9bqQoWC9ovH3FFGzEAV2MJJkF1uNuS4EVGZ2SmRw17w8 consumed 10458 of 200000 compute units
    Program 9bqQoWC9ovH3FFGzEAV2MJJkF1uNuS4EVGZ2SmRw17w8 success
Transaction executed in slot 2087:
  Signature: 2cajMGBSUAmjApUsMxtYriadgrPjsuxhpFf3sRU1cMeQfqNmfAVZLircVgiLXLGfRa1dDfTbk5X4cj6nY5kgMyAm
  Status: Ok
  Log Messages:
    Program 9bqQoWC9ovH3FFGzEAV2MJJkF1uNuS4EVGZ2SmRw17w8 invoke [1]
    Program log: Instruction: Deposit
    Program 11111111111111111111111111111111 invoke [2]
    Program 11111111111111111111111111111111 success
    Program data: ePg9Ux+Oa5C1fTa8TYcBNX5OH9mtTPaP2lmCJaxBZsXtSlInR3aO8QEAAAAAAAAAAOH1BQAAAAA=
    Program 9bqQoWC9ovH3FFGzEAV2MJJkF1uNuS4EVGZ2SmRw17w8 consumed 7374 of 200000 compute units
    Program 9bqQoWC9ovH3FFGzEAV2MJJkF1uNuS4EVGZ2SmRw17w8 success
Transaction executed in slot 2088:
  Signature: 4WxddVhbhM6VVboc9fLycV3y2opjxZ9jXb7YCo3EVzubHtQyySZYheSFEwGoMYrstBnDq3KTWoQ1fo1mSCURtYci
  Status: Ok
  Log Messages:
    Program 9bqQoWC9ovH3FFGzEAV2MJJkF1uNuS4EVGZ2SmRw17w8 invoke [1]
    Program log: Instruction: Withdraw
    Program 11111111111111111111111111111111 invoke [2]
    Program 11111111111111111111111111111111 success
    Program data: FgmFGqAsR8C1fTa8TYcBNX5OH9mtTPaP2lmCJaxBZsXtSlInR3aO8QYAAAAAAAAAAOH1BQAAAAA=
    Program 9bqQoWC9ovH3FFGzEAV2MJJkF1uNuS4EVGZ2SmRw17w8 consumed 7427 of 200000 compute units
    Program 9bqQoWC9ovH3FFGzEAV2MJJkF1uNuS4EVGZ2SmRw17w8 success
Transaction executed in slot 2089:
  Signature: 2JiJzCV5sgRN7yTYgsH9Dce99tKyG2rDVsdpwetXV6vD1MjsTUTCkdtowM4gAUaJwo7sy4gDWT9dHsuNexMqojFA
  Status: Ok
  Log Messages:
    Program 9bqQoWC9ovH3FFGzEAV2MJJkF1uNuS4EVGZ2SmRw17w8 invoke [1]
    Program log: Instruction: Close
    Program 9bqQoWC9ovH3FFGzEAV2MJJkF1uNuS4EVGZ2SmRw17w8 consumed 5371 of 200000 compute units
    Program 9bqQoWC9ovH3FFGzEAV2MJJkF1uNuS4EVGZ2SmRw17w8 success
